<?xml version="1.0" encoding="UTF-8"?>
<!-- Generated by org.testng.reporters.JUnitReportReporter -->
<testsuite skipped="0" hostname="HSSSC1PCL01288" name="CommonTests.SeleniumUnitTest" tests="4" failures="0" timestamp="12 Jun 2017 06:06:47 GMT" time="80.247" errors="0">
  <testcase name="Case_01_Check_Function_Write_Logger" time="32.667" classname="CommonTests.SeleniumUnitTest"/>
  <testcase name="PreCondition_All_Test" time="7.211" classname="CommonTests.SeleniumUnitTest"/>
  <testcase name="Case_02_Check_Function_Write_Logger" time="32.565" classname="CommonTests.SeleniumUnitTest"/>
  <testcase name="Case_03_Check_Function_Write_Parameter" time="7.804" classname="CommonTests.SeleniumUnitTest"/>
</testsuite> <!-- CommonTests.SeleniumUnitTest -->
